<html>
<head>
<title>TestNG:  Default test</title>
<link href="../testng.css" rel="stylesheet" type="text/css" />
<link href="../my-testng.css" rel="stylesheet" type="text/css" />

<style type="text/css">
.log { display: none;} 
.stack-trace { display: none;} 
</style>
<script type="text/javascript">
<!--
function flip(e) {
  current = e.style.display;
  if (current == 'block') {
    e.style.display = 'none';
    return 0;
  }
  else {
    e.style.display = 'block';
    return 1;
  }
}

function toggleBox(szDivId, elem, msg1, msg2)
{
  var res = -1;  if (document.getElementById) {
    res = flip(document.getElementById(szDivId));
  }
  else if (document.all) {
    // this is the way old msie versions work
    res = flip(document.all[szDivId]);
  }
  if(elem) {
    if(res == 0) elem.innerHTML = msg1; else elem.innerHTML = msg2;
  }

}

function toggleAllBoxes() {
  if (document.getElementsByTagName) {
    d = document.getElementsByTagName('div');
    for (i = 0; i < d.length; i++) {
      if (d[i].className == 'log') {
        flip(d[i]);
      }
    }
  }
}

// -->
</script>

</head>
<body>
<h2 align='center'>Default test</h2><table border='1' align="center">
<tr>
<td>Tests passed/Failed/Skipped:</td><td>0/6/0</td>
</tr><tr>
<td>Started on:</td><td>Sun Sep 07 23:31:18 IST 2025</td>
</tr>
<tr><td>Total time:</td><td>13 seconds (13870 ms)</td>
</tr><tr>
<td>Included groups:</td><td></td>
</tr><tr>
<td>Excluded groups:</td><td></td>
</tr>
</table><p/>
<small><i>(Hover the method name to see the test class name)</i></small><p/>
<table width='100%' border='1' class='invocation-failed'>
<tr><td colspan='4' align='center'><b>FAILED TESTS</b></td></tr>
<tr><td><b>Test method</b></td>
<td><b>Attribute(s)</b></td>
<td width="30%"><b>Exception</b></td>
<td width="10%"><b>Time (seconds)</b></td>
<td><b>Instance</b></td>
</tr>
<tr>
<td title='com.testrunners.EcommerceRunner.runScenario()'><b>runScenario</b><br>Test class: com.testrunners.EcommerceRunner<br>Test method: Runs Cucumber Scenarios<br>Parameters: "Verify page title", "Flipkart App"</td>
<td><div><pre>java.lang.NullPointerException: Cannot invoke &quot;org.openqa.selenium.WebDriver.get(String)&quot; because &quot;this.driver&quot; is null
	at com.stepdefinitions.GoogleSteps.navigateToUrl(GoogleSteps.java:25)
	at ✽.Navigate to &quot;https:/www.Flipkart.com&quot;(file:///C:/CK/CK_Personal_Projects/BrowserLaunch-JavaSelenium-BDD/src/test/resources/features/ecommerce/Flipkart.feature:17)
</pre></div><a href='#' onClick='toggleBox("stack-trace209845522", this, "Click to show all stack frames", "Click to hide stack frames")'>Click to show all stack frames</a>
<div class='stack-trace' id='stack-trace209845522'><pre>java.lang.NullPointerException: Cannot invoke &quot;org.openqa.selenium.WebDriver.get(String)&quot; because &quot;this.driver&quot; is null
	at com.stepdefinitions.GoogleSteps.navigateToUrl(GoogleSteps.java:25)
	at ✽.Navigate to &quot;https:/www.Flipkart.com&quot;(file:///C:/CK/CK_Personal_Projects/BrowserLaunch-JavaSelenium-BDD/src/test/resources/features/ecommerce/Flipkart.feature:17)
</pre></div></td>
<td>2</td>
<td>com.testrunners.EcommerceRunner@477b4cdf</td></tr>
<tr>
<td title='com.testrunners.EcommerceRunner.runScenario()'><b>runScenario</b><br>Test class: com.testrunners.EcommerceRunner<br>Test method: Runs Cucumber Scenarios<br>Parameters: "Verify page title", "Amazon App"</td>
<td><div><pre>java.lang.NullPointerException: Cannot invoke &quot;org.openqa.selenium.WebDriver.get(String)&quot; because &quot;this.driver&quot; is null
	at com.stepdefinitions.GoogleSteps.navigateToUrl(GoogleSteps.java:25)
	at ✽.Navigate to &quot;https:/www.amazon.com&quot;(file:///C:/CK/CK_Personal_Projects/BrowserLaunch-JavaSelenium-BDD/src/test/resources/features/ecommerce/Amazon.feature:10)
</pre></div><a href='#' onClick='toggleBox("stack-trace62739928", this, "Click to show all stack frames", "Click to hide stack frames")'>Click to show all stack frames</a>
<div class='stack-trace' id='stack-trace62739928'><pre>java.lang.NullPointerException: Cannot invoke &quot;org.openqa.selenium.WebDriver.get(String)&quot; because &quot;this.driver&quot; is null
	at com.stepdefinitions.GoogleSteps.navigateToUrl(GoogleSteps.java:25)
	at ✽.Navigate to &quot;https:/www.amazon.com&quot;(file:///C:/CK/CK_Personal_Projects/BrowserLaunch-JavaSelenium-BDD/src/test/resources/features/ecommerce/Amazon.feature:10)
</pre></div></td>
<td>2</td>
<td>com.testrunners.EcommerceRunner@477b4cdf</td></tr>
<tr>
<td title='com.testrunners.EcommerceRunner.runScenario()'><b>runScenario</b><br>Test class: com.testrunners.EcommerceRunner<br>Test method: Runs Cucumber Scenarios<br>Parameters: "Verify page title", "Flipkart App"</td>
<td><div><pre>java.lang.NullPointerException: Cannot invoke &quot;org.openqa.selenium.WebDriver.get(String)&quot; because &quot;this.driver&quot; is null
	at com.stepdefinitions.GoogleSteps.navigateToUrl(GoogleSteps.java:25)
	at ✽.Navigate to &quot;https:/www.Flipkart.com&quot;(file:///C:/CK/CK_Personal_Projects/BrowserLaunch-JavaSelenium-BDD/src/test/resources/features/ecommerce/Flipkart.feature:11)
</pre></div><a href='#' onClick='toggleBox("stack-trace2110785285", this, "Click to show all stack frames", "Click to hide stack frames")'>Click to show all stack frames</a>
<div class='stack-trace' id='stack-trace2110785285'><pre>java.lang.NullPointerException: Cannot invoke &quot;org.openqa.selenium.WebDriver.get(String)&quot; because &quot;this.driver&quot; is null
	at com.stepdefinitions.GoogleSteps.navigateToUrl(GoogleSteps.java:25)
	at ✽.Navigate to &quot;https:/www.Flipkart.com&quot;(file:///C:/CK/CK_Personal_Projects/BrowserLaunch-JavaSelenium-BDD/src/test/resources/features/ecommerce/Flipkart.feature:11)
</pre></div></td>
<td>2</td>
<td>com.testrunners.EcommerceRunner@477b4cdf</td></tr>
<tr>
<td title='com.testrunners.EcommerceRunner.runScenario()'><b>runScenario</b><br>Test class: com.testrunners.EcommerceRunner<br>Test method: Runs Cucumber Scenarios<br>Parameters: "Verify page title", "Amazon App"</td>
<td><div><pre>java.lang.NullPointerException: Cannot invoke &quot;org.openqa.selenium.WebDriver.get(String)&quot; because &quot;this.driver&quot; is null
	at com.stepdefinitions.GoogleSteps.navigateToUrl(GoogleSteps.java:25)
	at ✽.Navigate to &quot;https:/www.amazon.com&quot;(file:///C:/CK/CK_Personal_Projects/BrowserLaunch-JavaSelenium-BDD/src/test/resources/features/ecommerce/Amazon.feature:5)
</pre></div><a href='#' onClick='toggleBox("stack-trace1346354118", this, "Click to show all stack frames", "Click to hide stack frames")'>Click to show all stack frames</a>
<div class='stack-trace' id='stack-trace1346354118'><pre>java.lang.NullPointerException: Cannot invoke &quot;org.openqa.selenium.WebDriver.get(String)&quot; because &quot;this.driver&quot; is null
	at com.stepdefinitions.GoogleSteps.navigateToUrl(GoogleSteps.java:25)
	at ✽.Navigate to &quot;https:/www.amazon.com&quot;(file:///C:/CK/CK_Personal_Projects/BrowserLaunch-JavaSelenium-BDD/src/test/resources/features/ecommerce/Amazon.feature:5)
</pre></div></td>
<td>2</td>
<td>com.testrunners.EcommerceRunner@477b4cdf</td></tr>
<tr>
<td title='com.testrunners.EcommerceRunner.runScenario()'><b>runScenario</b><br>Test class: com.testrunners.EcommerceRunner<br>Test method: Runs Cucumber Scenarios<br>Parameters: "Verify page title", "Amazon App"</td>
<td><div><pre>java.lang.NullPointerException: Cannot invoke &quot;org.openqa.selenium.WebDriver.get(String)&quot; because &quot;this.driver&quot; is null
	at com.stepdefinitions.GoogleSteps.navigateToUrl(GoogleSteps.java:25)
	at ✽.Navigate to &quot;https:/www.amazon.com&quot;(file:///C:/CK/CK_Personal_Projects/BrowserLaunch-JavaSelenium-BDD/src/test/resources/features/ecommerce/Amazon.feature:15)
</pre></div><a href='#' onClick='toggleBox("stack-trace116184677", this, "Click to show all stack frames", "Click to hide stack frames")'>Click to show all stack frames</a>
<div class='stack-trace' id='stack-trace116184677'><pre>java.lang.NullPointerException: Cannot invoke &quot;org.openqa.selenium.WebDriver.get(String)&quot; because &quot;this.driver&quot; is null
	at com.stepdefinitions.GoogleSteps.navigateToUrl(GoogleSteps.java:25)
	at ✽.Navigate to &quot;https:/www.amazon.com&quot;(file:///C:/CK/CK_Personal_Projects/BrowserLaunch-JavaSelenium-BDD/src/test/resources/features/ecommerce/Amazon.feature:15)
</pre></div></td>
<td>2</td>
<td>com.testrunners.EcommerceRunner@477b4cdf</td></tr>
<tr>
<td title='com.testrunners.EcommerceRunner.runScenario()'><b>runScenario</b><br>Test class: com.testrunners.EcommerceRunner<br>Test method: Runs Cucumber Scenarios<br>Parameters: "Verify page title", "Flipkart App"</td>
<td><div><pre>java.lang.NullPointerException: Cannot invoke &quot;org.openqa.selenium.WebDriver.get(String)&quot; because &quot;this.driver&quot; is null
	at com.stepdefinitions.GoogleSteps.navigateToUrl(GoogleSteps.java:25)
	at ✽.Navigate to &quot;https:/www.Flipkart.com&quot;(file:///C:/CK/CK_Personal_Projects/BrowserLaunch-JavaSelenium-BDD/src/test/resources/features/ecommerce/Flipkart.feature:5)
</pre></div><a href='#' onClick='toggleBox("stack-trace1566099239", this, "Click to show all stack frames", "Click to hide stack frames")'>Click to show all stack frames</a>
<div class='stack-trace' id='stack-trace1566099239'><pre>java.lang.NullPointerException: Cannot invoke &quot;org.openqa.selenium.WebDriver.get(String)&quot; because &quot;this.driver&quot; is null
	at com.stepdefinitions.GoogleSteps.navigateToUrl(GoogleSteps.java:25)
	at ✽.Navigate to &quot;https:/www.Flipkart.com&quot;(file:///C:/CK/CK_Personal_Projects/BrowserLaunch-JavaSelenium-BDD/src/test/resources/features/ecommerce/Flipkart.feature:5)
</pre></div></td>
<td>2</td>
<td>com.testrunners.EcommerceRunner@477b4cdf</td></tr>
</table><p>
</body>
</html>