<?xml version="1.0" encoding="UTF-8"?>
<!-- Generated by org.testng.reporters.JUnitXMLReporter -->
<testsuite ignored="0" hostname="DESKTOP-799KKK6" failures="1" tests="6" name="Parallel-Suite" time="39.642" errors="0" timestamp="2025-09-08T03:15:04 IST">
  <testcase classname="io.cucumber.testng.AbstractTestNGCucumberTests" name="runScenario" time="7.927"/>
  <testcase classname="io.cucumber.testng.AbstractTestNGCucumberTests" name="runScenario" time="7.051"/>
  <testcase classname="io.cucumber.testng.AbstractTestNGCucumberTests" name="runScenario" time="6.01">
    <failure type="java.lang.AssertionError" message="expected [Amazon.com. Spend less. Smile ] but found [Amazon.com. Spend less. Smile more.]">
      <![CDATA[java.lang.AssertionError: expected [Amazon.com. Spend less. Smile ] but found [Amazon.com. Spend less. Smile more.]
at com.genericlibrary.GenericFunctions.verifyPageTitle(GenericFunctions.java:17)
at com.stepdefinitions.CommonSteps.verifyPageTitleToBe(CommonSteps.java:29)
at âœ½.Verify page title to be "Amazon.com. Spend less. Smile "(file:///C:/CK/CK_Personal_Projects/BrowserLaunch-JavaSelenium-BDD/src/test/resources/features/ecommerce/Amazon.feature:17)
... Removed 6 stack frames]]>
    </failure>
  </testcase> <!-- runScenario -->
  <testcase classname="io.cucumber.testng.AbstractTestNGCucumberTests" name="runScenario" time="6.285"/>
  <testcase classname="io.cucumber.testng.AbstractTestNGCucumberTests" name="runScenario" time="5.386"/>
  <testcase classname="io.cucumber.testng.AbstractTestNGCucumberTests" name="runScenario" time="6.283"/>
</testsuite> <!-- Parallel-Suite -->
