<?xml version="1.0" encoding="UTF-8"?>
<!-- Generated by org.testng.reporters.JUnitReportReporter -->
<testsuite hostname="DESKTOP-799KKK6" failures="1" tests="6" name="com.testrunners.EcommerceRunner" time="43.484" errors="0" timestamp="2025-09-08T03:11:28 IST" skipped="0">
  <testcase classname="com.testrunners.EcommerceRunner" name="runScenario" time="6.443"/>
  <testcase classname="com.testrunners.EcommerceRunner" name="runScenario" time="6.334"/>
  <testcase classname="com.testrunners.EcommerceRunner" name="runScenario" time="5.370"/>
  <testcase classname="com.testrunners.EcommerceRunner" name="runScenario" time="6.437"/>
  <testcase classname="com.testrunners.EcommerceRunner" name="runScenario" time="12.482">
    <failure message="expected [Amazon.com. Spend less. Smile ] but found [Amazon.com. Spend less. Smile more.]" type="java.lang.AssertionError">
      <![CDATA[java.lang.AssertionError: expected [Amazon.com. Spend less. Smile ] but found [Amazon.com. Spend less. Smile more.]
at org.testng.Assert.fail(Assert.java:111)
at org.testng.Assert.failNotEquals(Assert.java:1578)
at org.testng.Assert.assertEqualsImpl(Assert.java:150)
at org.testng.Assert.assertEquals(Assert.java:132)
at org.testng.Assert.assertEquals(Assert.java:656)
at org.testng.Assert.assertEquals(Assert.java:666)
at com.genericlibrary.GenericFunctions.verifyPageTitle(GenericFunctions.java:17)
at com.stepdefinitions.CommonSteps.verifyPageTitleToBe(CommonSteps.java:29)
at âœ½.Verify page title to be "Amazon.com. Spend less. Smile "(file:///C:/CK/CK_Personal_Projects/BrowserLaunch-JavaSelenium-BDD/src/test/resources/features/ecommerce/Amazon.feature:17)
]]>
    </failure>
  </testcase> <!-- runScenario -->
  <testcase classname="com.testrunners.EcommerceRunner" name="runScenario" time="6.418"/>
</testsuite> <!-- com.testrunners.EcommerceRunner -->
